TEAM: France
YEAR: 2018
NUMB: 1
POSI: GOALKEEPER
NAME: Hugo LLORIS
HASH: 1082(1)

TEAM: France
YEAR: 2018
NUMB: 16
POSI: GOALKEEPER
NAME: Steve MANDANDA
HASH: 1466(1)

TEAM: France
YEAR: 2018
NUMB: 23
POSI: GOALKEEPER
NAME: Alphonse AREOLA
HASH: 1319(1)

TEAM: France
YEAR: 2018
NUMB: 2
POSI: DEFENDER
NAME: Benjamin PAVARD
HASH: 1348(1)

TEAM: France
YEAR: 2018
NUMB: 3
POSI: DEFENDER
NAME: Presnel KIMPEMBE
HASH: 175(1)

TEAM: France
YEAR: 2018
NUMB: 4
POSI: DEFENDER
NAME: Raphael VARANE
HASH: 2010(1)

TEAM: France
YEAR: 2018
NUMB: 5
POSI: DEFENDER
NAME: Samuel UMTITI
HASH: 1215(1)

TEAM: France
YEAR: 2018
NUMB: 17
POSI: DEFENDER
NAME: Adil RAMI
HASH: 1323(1)

TEAM: France
YEAR: 2018
NUMB: 19
POSI: DEFENDER
NAME: Djibril SIDIBE
HASH: 1917(1)

TEAM: France
YEAR: 2018
NUMB: 21
POSI: DEFENDER
NAME: Lucas HERNANDEZ
HASH: 911(1)

TEAM: France
YEAR: 2018
NUMB: 22
POSI: DEFENDER
NAME: Benjamin MENDY
HASH: 383(1)

TEAM: France
YEAR: 2018
NUMB: 6
POSI: MIDFIELDER
NAME: Paul POGBA
HASH: 1993(1)

TEAM: France
YEAR: 2018
NUMB: 12
POSI: MIDFIELDER
NAME: Corentin TOLISSO
HASH: 1080(1)

TEAM: France
YEAR: 2018
NUMB: 13
POSI: MIDFIELDER
NAME: Ngolo KANTE
HASH: 1004(1)

TEAM: France
YEAR: 2018
NUMB: 14
POSI: MIDFIELDER
NAME: Blaise MATUIDI
HASH: 1949(1)

TEAM: France
YEAR: 2018
NUMB: 15
POSI: MIDFIELDER
NAME: Steven NZONZI
HASH: 1383(1)

TEAM: France
YEAR: 2018
NUMB: 7
POSI: FORWARD
NAME: Antoine GRIEZMANN
HASH: 1767(1)

TEAM: France
YEAR: 2018
NUMB: 8
POSI: FORWARD
NAME: Thomas LEMAR
HASH: 2020(1)

TEAM: France
YEAR: 2018
NUMB: 9
POSI: FORWARD
NAME: Olivier GIROUD
HASH: 267(1)

TEAM: France
YEAR: 2018
NUMB: 10
POSI: FORWARD
NAME: Kylian MBAPPE
HASH: 820(1)

TEAM: France
YEAR: 2018
NUMB: 11
POSI: FORWARD
NAME: Ousmane DEMBELE
HASH: 863(1)

TEAM: France
YEAR: 2018
NUMB: 18
POSI: FORWARD
NAME: Nabil FEKIR
HASH: 929(1)

TEAM: France
YEAR: 2018
NUMB: 20
POSI: FORWARD
NAME: Florian THAUVIN
HASH: 1453(1)

TEAM: France
YEAR: 2018
NUMB: 0
POSI: COACH
NAME: Didier DESCHAMPS
HASH: 113(1)

TEAM: Germany
YEAR: 2014
NUMB: 1
POSI: GOALKEEPER
NAME: Manuel NEUER
HASH: 77(1)

TEAM: Germany
YEAR: 2014
NUMB: 12
POSI: GOALKEEPER
NAME: Ron-Robert ZIELER
HASH: 141(1)

TEAM: Germany
YEAR: 2014
NUMB: 22
POSI: GOALKEEPER
NAME: Roman WEIDENFELLER
HASH: 421(1)

TEAM: Germany
YEAR: 2014
NUMB: 2
POSI: DEFENDER
NAME: Kevin GROBKREUTZ
HASH: 568(1)

TEAM: Germany
YEAR: 2014
NUMB: 3
POSI: DEFENDER
NAME: Matthias GINTER
HASH: 1581(1)

TEAM: Germany
YEAR: 2014
NUMB: 4
POSI: DEFENDER
NAME: Benedikt HOEWEDES
HASH: 1801(1)

TEAM: Germany
YEAR: 2014
NUMB: 5
POSI: DEFENDER
NAME: Mats HUMMELS
HASH: 1959(1)

TEAM: Germany
YEAR: 2014
NUMB: 15
POSI: DEFENDER
NAME: Erik DURM
HASH: 1483(1)

TEAM: Germany
YEAR: 2014
NUMB: 17
POSI: DEFENDER
NAME: Per MERTESACKER
HASH: 662(1)

TEAM: Germany
YEAR: 2014
NUMB: 20
POSI: DEFENDER
NAME: Jerome BOATENG
HASH: 1879(1)

TEAM: Germany
YEAR: 2014
NUMB: 21
POSI: DEFENDER
NAME: Shkodran MUSTAFI
HASH: 663(1)

TEAM: Germany
YEAR: 2014
NUMB: 6
POSI: MIDFIELDER
NAME: Sami KHEDIRA
HASH: 1576(1)

TEAM: Germany
YEAR: 2014
NUMB: 7
POSI: MIDFIELDER
NAME: Bastian SCHWEINSTEIGER
HASH: 981(1)

TEAM: Germany
YEAR: 2014
NUMB: 8
POSI: MIDFIELDER
NAME: Mesut OEZIL
HASH: 1207(1)

TEAM: Germany
YEAR: 2014
NUMB: 14
POSI: MIDFIELDER
NAME: Julian DRAXLER
HASH: 2(1)

TEAM: Germany
YEAR: 2014
NUMB: 16
POSI: MIDFIELDER
NAME: Philipp LAHM
HASH: 115(1)

TEAM: Germany
YEAR: 2014
NUMB: 18
POSI: MIDFIELDER
NAME: Toni KROOS
HASH: 275(1)

TEAM: Germany
YEAR: 2014
NUMB: 23
POSI: MIDFIELDER
NAME: Christoph KRAMER
HASH: 971(1)

TEAM: Germany
YEAR: 2014
NUMB: 9
POSI: FORWARD
NAME: Andre SCHUERRLE
HASH: 985(1)

TEAM: Germany
YEAR: 2014
NUMB: 10
POSI: FORWARD
NAME: Lukas PODOLSKI
HASH: 2002(1)

TEAM: Germany
YEAR: 2014
NUMB: 11
POSI: FORWARD
NAME: Miroslav KLOSE
HASH: 510(1)

TEAM: Germany
YEAR: 2014
NUMB: 13
POSI: FORWARD
NAME: Thomas MUELLER
HASH: 48(1)

TEAM: Germany
YEAR: 2014
NUMB: 19
POSI: FORWARD
NAME: Mario GOETZE
HASH: 2050(1)

TEAM: Germany
YEAR: 2014
NUMB: 0
POSI: COACH
NAME: Joachim LOEW
HASH: 222(1)

