362
142
897
328
226
452
788
965
146
164
372
649
397
317
709
883
676
232
146
29
911
531
292
99
66
480
544
724
524
226
260
628
380
146
955
351
343
745
312
515
899
437
135
42
778
847
676
422
837
837
195
480
317
507
307
135
732
861
583
960
81
861
312
205
755
280
299
86
1
372
328
673
821
480
709
307
59
351
480
628
906
692
86
232
906
408
126
362
247
732
317
81
299
397
29
48
681
328
887
422
724
221
66
247
446
515
570
515
594
809
118
239
460
205
226
118
612
351
480
612
821
562
437
118
944
469
899
612
821
801
29
247
755
854
239
184
81
837
429
422
343
552
681
821
507
899
924
861
247
408
460
821
724
659
924
659
118
570
247
681
86
18
911
847
612
152
778
437
745
195
870
76
496
270
644
977
164
292
847
164
446
42
977
135
700
659
801
552
213
788
205
48
552
875
887
899
788
659
317
239
583
934
59
66
195
429
48
118
739
628
18
152
408
762
48
844
397
570
372
343
86
312
397
649
934
7
280
732
408
612
709
984
280
762
59
221
172
854
328
659
460
362
552
612
108
594
437
239
906
552
328
996
612
469
380
544
496
673
984
897
1
700
887
284
172
934
247
99
531
583
496
977
709
29
328
552
362
778
539
270
59
875
260
681
328
659
948
844
42
934
460
42
362
328
76
280
7
312
126
544
906
612
260
343
380
604
887
755
118
418
768
911
18
18
312
351
408
270
924
446
948
380
226
48
460
292
317
480
628
195
768
270
821
778
362
934
118
984
692
960
142
164
887
152
195
205
260
343
469
184
539
152
570
768
213
788
59
284
247
692
496
768
709
29
539
48
960
649
42
380
604
172
562
226
86
507
429
351
579
659
552
108
821
861
875
768
644
911
48
628
328
539
380
778
299
659
837
7
18
604
397
372
539
709
604
628
924
788
965
515
152
247
612
732
108
221
469
480
135
260
99
213
544
213
977
854
604
817
861
644
142
984
755
681
422
86
284
86
870
996
594
778
247
948
480
362
164
709
854
48
948
692
260
496
649
239
66
232
809
911
612
700
673
351
351
837
184
380
906
809
380
515
562
649
195
788
996
108
460
583
146
418
1
152
659
659
146
732
887
709
372
232
380
7
594
745
847
531
108
751
307
226
977
875
875
911
649
612
18
99
944
924
247
944
86
899
317
984
343
948
700
739
184
66
480
531
544
299
42
394
801
351
628
524
213
496
164
594
854
195
437
788
875
709
460
724
328
809
709
700
755
380
397
681
437
628
184
739
924
965
99
452
317
739
724
284
944
883
887
801
821
66
299
692
515
778
372
847
292
821
260
801
172
408
452
362
7
659
81
700
628
172
131
700
649
579
965
579
452
594
108
1
408
408
422
899
911
544
751
213
343
996
984
270
397
184
649
418
570
452
99
184
380
965
628
7
292
317
328
496
681
172
507
76
583
911
965
239
195
452
195
544
446
934
821
583
126
172
755
709
649
583
628
7
292
232
778
594
307
861
81
977
29
307
48
362
965
18
604
152
469
552
724
676
480
247
984
343
437
480
788
837
66
397
570
108
380
328
709
700
184
531
681
213
847
739
579
817
480
924
960
709
469
681
351
709
924
86
29
99
570
821
911
649
948
496
751
317
570
164
768
762
709
152
732
260
887
29
66
108
948
788
817
152
184
899
861
870
984
644
955
299
172
612
934
131
99
418
205
676
317
724
146
778
875
612
29
507
659
854
594
328
628
135
232
821
788
847
676
524
460
362
821
394
965
496
260
821
659
469
469
965
911
372
755
801
745
524
270
118
351
612
446
960
507
429
531
7
260
924
531
469
18
317
870
996
567
126
821
205
328
18
172
239
135
681
788
875
172
809
965
270
142
152
977
380
594
515
397
604
152
911
76
184
984
692
934
562
817
480
768
887
239
700
883
126
86
394
984
7
172
732
284
66
628
270
446
955
524
854
567
422
762
380
351
496
59
284
29
604
524
544
221
762
955
99
883
48
496
612
821
408
59
86
469
692
108
911
644
628
768
934
801
247
299
135
480
108
422
524
724
692
809
924
429
507
778
48
284
984
397
86
397
452
172
612
131
284
270
515
659
29
429
429
18
480
567
515
583
745
768
29
408
292
955
570
801
460
628
76
452
7
152
594
469
86
205
328
372
480
583
768
247
7
184
18
232
507
270
837
221
788
861
628
66
552
934
861
1
562
681
205
299
844
552
531
911
762
870
29
965
437
809
965
195
739
751
164
213
1
984
429
788
583
809
583
131
745
437
887
